2024-05-05 16:52:41,325 - INFO - Serving at port 8000
2024-05-05 16:52:52,953 - ERROR - File not found: user.html.html
2024-05-15 10:07:40,433 - INFO - Serving at port 8000
2024-05-15 10:08:44,196 - ERROR - File not found: website/user.html
2024-05-15 10:08:45,098 - ERROR - File not found: favicon.ico
2024-05-15 10:08:59,416 - ERROR - File not found: upload/logo_white.png
2024-05-15 10:08:59,823 - ERROR - File not found: upload/logo_white.png
2024-05-15 10:09:00,521 - ERROR - File not found: upload/cropped-TG-Thumb-32x32.png
2024-05-15 10:09:00,540 - ERROR - File not found: upload/cropped-TG-Thumb-192x192.png
2024-05-15 10:09:18,291 - ERROR - File not found: upload/logo_white.png
2024-05-15 10:09:18,460 - ERROR - File not found: upload/logo_white.png
2024-05-15 10:10:54,259 - ERROR - File not found: vendor.html
2024-05-15 10:11:00,621 - ERROR - File not found: upload/logo_white.png
2024-05-15 10:11:00,739 - ERROR - File not found: upload/logo_white.png
2024-05-15 10:11:13,235 - ERROR - File not found: upload/logo_white.png
2024-05-15 10:11:13,372 - ERROR - File not found: upload/logo_white.png
2024-05-15 10:15:15,527 - ERROR - File not found: upload/logo_white.png
2024-05-15 10:15:15,623 - ERROR - File not found: qrcode.png
2024-05-15 10:15:15,715 - ERROR - File not found: qr_code/null
2024-05-15 10:15:49,374 - ERROR - File not found: qrcode.png
2024-05-15 10:16:27,612 - ERROR - File not found: upload/logo_white.png
2024-05-15 10:16:27,614 - ERROR - File not found: qrcode.png
2024-05-15 10:16:27,974 - ERROR - File not found: qr_code/null
2024-05-15 10:16:46,102 - ERROR - File not found: upload/logo_white.png
2024-05-15 10:16:46,165 - ERROR - File not found: upload/logo_white.png
2024-05-15 10:16:57,056 - ERROR - File not found: upload/logo_white.png
2024-05-15 10:16:57,203 - ERROR - File not found: upload/logo_white.png
2024-05-15 10:21:09,698 - ERROR - File not found: upload/logo_white.png
2024-05-15 10:21:09,761 - ERROR - File not found: upload/logo_white.png
2024-05-15 10:21:24,277 - ERROR - File not found: upload/logo_white.png
2024-05-15 10:25:25,357 - ERROR - File not found: upload/logo_white.png
2024-05-15 10:25:25,406 - ERROR - File not found: upload/logo_white.png
2024-05-15 10:25:51,766 - ERROR - File not found: upload/logo_white.png
2024-05-15 10:25:51,828 - ERROR - File not found: upload/logo_white.png
2024-05-15 10:26:41,903 - ERROR - File not found: upload/logo_white.png
2024-05-15 10:26:41,952 - ERROR - File not found: upload/logo_white.png
2024-05-15 10:31:21,962 - ERROR - File not found: upload/logo_white.png
2024-05-15 10:42:19,935 - INFO - Serving at port 8000
2024-05-15 11:09:33,025 - INFO - Serving at port 5500
2024-05-15 11:10:00,025 - ERROR - File not found: upload/logo_white.png
2024-05-15 11:10:00,418 - ERROR - File not found: upload/logo_white.png
2024-05-15 11:10:02,936 - ERROR - File not found: upload/cropped-TG-Thumb-32x32.png
2024-05-15 11:10:02,975 - ERROR - File not found: upload/cropped-TG-Thumb-192x192.png
2024-05-15 11:11:51,613 - ERROR - File not found: upload/logo_white.png
2024-05-15 11:11:51,709 - ERROR - File not found: upload/logo_white.png
2024-05-15 11:11:53,563 - ERROR - File not found: upload/logo_white.png
2024-05-15 11:11:53,700 - ERROR - File not found: upload/logo_white.png
2024-05-15 11:11:54,968 - ERROR - File not found: upload/logo_white.png
2024-05-15 11:11:55,039 - ERROR - File not found: upload/logo_white.png
2024-05-15 11:11:58,498 - ERROR - File not found: upload/logo_white.png
2024-05-15 11:12:07,100 - ERROR - File not found: upload/logo_white.png
2024-05-15 11:12:07,149 - ERROR - File not found: upload/logo_white.png
2024-05-15 11:12:10,775 - ERROR - File not found: upload/logo_white.png
2024-05-15 11:24:08,315 - ERROR - File not found: upload/logo_white.png
2024-05-15 11:24:11,897 - ERROR - File not found: upload/logo_white.png
2024-05-15 11:24:11,949 - ERROR - File not found: upload/logo_white.png
2024-05-15 11:25:02,397 - ERROR - File not found: index.html
2024-05-15 11:25:02,703 - ERROR - File not found: favicon.ico
2024-05-15 11:26:22,459 - ERROR - File not found: upload/logo_white.png
2024-05-15 11:26:22,631 - ERROR - File not found: upload/logo_white.png
2024-05-15 11:41:38,838 - ERROR - File not found: upload/logo_white.png
2024-05-15 11:41:38,884 - ERROR - File not found: upload/logo_white.png
2024-05-15 11:41:44,397 - ERROR - File not found: upload/logo_white.png
2024-05-15 11:41:44,426 - ERROR - File not found: upload/logo_white.png
2024-05-15 11:41:58,614 - ERROR - File not found: upload/logo_white.png
2024-05-15 11:41:58,643 - ERROR - File not found: upload/logo_white.png
2024-05-15 11:42:04,188 - ERROR - File not found: upload/logo_white.png
2024-05-15 11:50:31,044 - ERROR - File not found: upload/logo_white.png
2024-05-15 11:50:31,081 - ERROR - File not found: upload/logo_white.png
2024-05-15 11:50:43,417 - ERROR - File not found: upload/logo_white.png
2024-05-15 11:50:43,452 - ERROR - File not found: upload/logo_white.png
2024-05-15 11:51:11,396 - ERROR - File not found: upload/logo_white.png
2024-05-15 11:51:11,436 - ERROR - File not found: upload/logo_white.png
2024-05-15 11:51:12,749 - ERROR - File not found: upload/logo_white.png
2024-05-15 11:51:12,793 - ERROR - File not found: upload/logo_white.png
2024-05-15 11:51:21,264 - ERROR - File not found: upload/logo_white.png
2024-05-15 11:51:21,265 - ERROR - File not found: qrcode.png
2024-05-15 11:51:21,298 - ERROR - File not found: upload/logo_white.png
2024-05-15 11:51:21,441 - ERROR - File not found: qr_code/null
2024-05-15 11:51:23,756 - ERROR - File not found: qrcode.png
2024-05-15 11:51:37,531 - ERROR - File not found: index.html
2024-05-15 11:52:33,252 - ERROR - File not found: index.html
2024-05-15 11:53:54,388 - ERROR - File not found: upload/logo_white.png
2024-05-15 11:53:54,532 - ERROR - File not found: qrcode.png
2024-05-15 11:53:54,721 - ERROR - File not found: upload/logo_white.png
2024-05-15 11:53:54,951 - ERROR - File not found: qr_code/null
2024-05-15 11:53:57,371 - ERROR - File not found: upload/logo_white.png
2024-05-15 11:53:57,374 - ERROR - File not found: qrcode.png
2024-05-15 11:53:57,423 - ERROR - File not found: upload/logo_white.png
2024-05-15 11:53:57,524 - ERROR - File not found: qr_code/null
2024-05-15 11:53:58,972 - ERROR - File not found: qrcode.png
2024-05-15 11:54:17,224 - ERROR - File not found: upload/logo_white.png
2024-05-15 11:54:26,362 - ERROR - File not found: upload/logo_white.png
2024-05-15 11:54:26,394 - ERROR - File not found: upload/logo_white.png
2024-05-15 11:54:28,310 - ERROR - File not found: upload/logo_white.png
2024-05-15 11:54:37,063 - ERROR - File not found: upload/logo_white.png
2024-05-15 11:54:37,093 - ERROR - File not found: upload/logo_white.png
2024-05-15 11:55:13,579 - ERROR - File not found: upload/logo_white.png
2024-05-15 11:55:13,613 - ERROR - File not found: upload/logo_white.png
2024-05-15 11:55:19,408 - ERROR - File not found: upload/logo_white.png
2024-05-15 11:55:19,444 - ERROR - File not found: upload/logo_white.png
2024-05-15 11:55:28,893 - ERROR - File not found: upload/logo_white.png
2024-05-15 11:55:28,894 - ERROR - File not found: qrcode.png
2024-05-15 11:55:28,935 - ERROR - File not found: upload/logo_white.png
2024-05-15 11:55:29,044 - ERROR - File not found: qr_code/null
2024-05-15 11:55:30,704 - ERROR - File not found: qrcode.png
2024-05-15 11:55:37,479 - ERROR - File not found: upload/logo_white.png
2024-05-15 11:55:37,512 - ERROR - File not found: upload/logo_white.png
2024-05-15 11:55:39,311 - ERROR - File not found: upload/logo_white.png
2024-05-15 11:55:49,364 - ERROR - File not found: upload/logo_white.png
2024-05-15 11:56:02,878 - ERROR - File not found: upload/logo_white.png
2024-05-15 11:56:20,624 - ERROR - File not found: upload/logo_white.png
2024-05-15 11:56:24,076 - ERROR - File not found: upload/logo_white.png
2024-05-15 11:56:24,179 - ERROR - File not found: upload/logo_white.png
2024-05-15 11:57:01,101 - ERROR - File not found: upload/logo_white.png
2024-05-15 12:24:43,575 - ERROR - File not found: upload/logo_white.png
2024-05-15 12:25:05,334 - ERROR - File not found: upload/logo_white.png
2024-05-15 12:25:05,336 - ERROR - File not found: qrcode.png
2024-05-15 12:25:05,388 - ERROR - File not found: upload/logo_white.png
2024-05-15 12:25:05,573 - ERROR - File not found: qr_code/null
2024-05-15 12:25:08,305 - ERROR - File not found: qrcode.png
2024-05-15 12:25:13,128 - ERROR - File not found: upload/logo_white.png
2024-05-15 12:25:13,177 - ERROR - File not found: upload/logo_white.png
2024-05-15 12:25:17,309 - ERROR - File not found: upload/logo_white.png
2024-05-15 12:25:31,465 - ERROR - File not found: upload/logo_white.png
2024-05-15 12:25:31,521 - ERROR - File not found: upload/logo_white.png
2024-05-16 09:45:01,693 - INFO - Serving at port 5500
2024-05-16 09:46:20,240 - ERROR - File not found: upload/logo_white.png
2024-05-16 09:46:21,200 - ERROR - File not found: upload/logo_white.png
2024-05-16 09:46:36,085 - ERROR - File not found: vender/.html
2024-05-16 09:46:36,233 - ERROR - File not found: favicon.ico
2024-05-16 09:46:42,250 - ERROR - File not found: upload/logo_white.png
2024-05-16 09:46:42,294 - ERROR - File not found: upload/logo_white.png
2024-05-16 13:41:16,549 - ERROR - File not found: upload/logo_white.png
2024-05-16 13:41:16,653 - ERROR - File not found: upload/logo_white.png
2024-05-16 13:41:32,841 - ERROR - File not found: upload/logo_white.png
2024-05-16 13:41:32,846 - ERROR - File not found: qrcode.png
2024-05-16 13:41:33,045 - ERROR - File not found: qr_code/null
2024-05-16 13:41:33,276 - ERROR - File not found: qrcode.png
2024-05-16 13:42:04,461 - ERROR - File not found: upload/logo_white.png
